# JRE version: Java(TM) SE Runtime Environment (13.0.2+8) (build 13.0.2+8)
# Java VM: Java HotSpot(TM) 64-Bit Server VM (13.0.2+8, mixed mode, sharing, tiered, compressed oops, g1 gc, windows-amd64)
Heap:
 garbage-first heap   total 58368K, used 32243K [0x0000000081c00000, 0x0000000100000000)
  region size 1024K, 4 young (4096K), 2 survivors (2048K)
 Metaspace       used 41294K, capacity 42626K, committed 43216K, reserved 1087488K
  class space    used 5288K, capacity 5797K, committed 6016K, reserved 1048576K
GC Heap History (20 events):
Event: 22.439 GC heap before
{Heap before GC invocations=12 (full 0):
 garbage-first heap   total 49152K, used 32296K [0x0000000081c00000, 0x0000000100000000)
  region size 1024K, 17 young (17408K), 3 survivors (3072K)
 Metaspace       used 40563K, capacity 41884K, committed 41936K, reserved 1085440K
  class space    used 5215K, capacity 5717K, committed 5760K, reserved 1048576K
}
Event: 22.442 GC heap after
{Heap after GC invocations=13 (full 0):
 garbage-first heap   total 49152K, used 19436K [0x0000000081c00000, 0x0000000100000000)
  region size 1024K, 3 young (3072K), 3 survivors (3072K)
 Metaspace       used 40563K, capacity 41884K, committed 41936K, reserved 1085440K
  class space    used 5215K, capacity 5717K, committed 5760K, reserved 1048576K
}
Event: 72.578 GC heap before
{Heap before GC invocations=13 (full 0):
 garbage-first heap   total 49152K, used 31724K [0x0000000081c00000, 0x0000000100000000)
  region size 1024K, 16 young (16384K), 3 survivors (3072K)
 Metaspace       used 40773K, capacity 42095K, committed 42320K, reserved 1085440K
  class space    used 5241K, capacity 5762K, committed 5888K, reserved 1048576K
}
Event: 72.581 GC heap after
{Heap after GC invocations=14 (full 0):
 garbage-first heap   total 49152K, used 22442K [0x0000000081c00000, 0x0000000100000000)
  region size 1024K, 2 young (2048K), 2 survivors (2048K)
 Metaspace       used 40773K, capacity 42095K, committed 42320K, reserved 1085440K
  class space    used 5241K, capacity 5762K, committed 5888K, reserved 1048576K
}
Event: 1800.109 GC heap before
{Heap before GC invocations=14 (full 0):
 garbage-first heap   total 49152K, used 33706K [0x0000000081c00000, 0x0000000100000000)
  region size 1024K, 14 young (14336K), 2 survivors (2048K)
 Metaspace       used 41561K, capacity 43064K, committed 43216K, reserved 1087488K
  class space    used 5358K, capacity 5931K, committed 6016K, reserved 1048576K
}
Event: 1800.116 GC heap after
{Heap after GC invocations=15 (full 0):
 garbage-first heap   total 49152K, used 24321K [0x0000000081c00000, 0x0000000100000000)
  region size 1024K, 2 young (2048K), 2 survivors (2048K)
 Metaspace       used 41561K, capacity 43064K, committed 43216K, reserved 1087488K
  class space    used 5358K, capacity 5931K, committed 6016K, reserved 1048576K
}
Event: 3561.776 GC heap before
{Heap before GC invocations=15 (full 0):
 garbage-first heap   total 49152K, used 34561K [0x0000000081c00000, 0x0000000100000000)
  region size 1024K, 13 young (13312K), 2 survivors (2048K)
 Metaspace       used 41595K, capacity 43094K, committed 43216K, reserved 1087488K
  class space    used 5361K, capacity 5936K, committed 6016K, reserved 1048576K
}
Event: 3561.789 GC heap after
{Heap after GC invocations=16 (full 0):
 garbage-first heap   total 49152K, used 26787K [0x0000000081c00000, 0x0000000100000000)
  region size 1024K, 2 young (2048K), 2 survivors (2048K)
 Metaspace       used 41595K, capacity 43094K, committed 43216K, reserved 1087488K
  class space    used 5361K, capacity 5936K, committed 6016K, reserved 1048576K
}
Event: 3587.430 GC heap before
{Heap before GC invocations=17 (full 0):
 garbage-first heap   total 50176K, used 36003K [0x0000000081c00000, 0x0000000100000000)
  region size 1024K, 12 young (12288K), 2 survivors (2048K)
 Metaspace       used 41381K, capacity 42759K, committed 43216K, reserved 1087488K
  class space    used 5311K, capacity 5842K, committed 6016K, reserved 1048576K
}
Event: 3587.436 GC heap after
{Heap after GC invocations=18 (full 0):
 garbage-first heap   total 50176K, used 29311K [0x0000000081c00000, 0x0000000100000000)
  region size 1024K, 2 young (2048K), 2 survivors (2048K)
 Metaspace       used 41381K, capacity 42759K, committed 43216K, reserved 1087488K
  class space    used 5311K, capacity 5842K, committed 6016K, reserved 1048576K
}
Event: 3604.017 GC heap before
{Heap before GC invocations=18 (full 0):
 garbage-first heap   total 50176K, used 30335K [0x0000000081c00000, 0x0000000100000000)
  region size 1024K, 3 young (3072K), 2 survivors (2048K)
 Metaspace       used 41381K, capacity 42759K, committed 43216K, reserved 1087488K
  class space    used 5311K, capacity 5842K, committed 6016K, reserved 1048576K
}
Event: 3604.020 GC heap after
{Heap after GC invocations=19 (full 0):
 garbage-first heap   total 50176K, used 28049K [0x0000000081c00000, 0x0000000100000000)
  region size 1024K, 1 young (1024K), 1 survivors (1024K)
 Metaspace       used 41381K, capacity 42759K, committed 43216K, reserved 1087488K
  class space    used 5311K, capacity 5842K, committed 6016K, reserved 1048576K
}
Event: 5344.590 GC heap before
{Heap before GC invocations=19 (full 0):
 garbage-first heap   total 50176K, used 36241K [0x0000000081c00000, 0x0000000100000000)
  region size 1024K, 10 young (10240K), 1 survivors (1024K)
 Metaspace       used 41381K, capacity 42759K, committed 43216K, reserved 1087488K
  class space    used 5311K, capacity 5842K, committed 6016K, reserved 1048576K
}
Event: 5344.598 GC heap after
{Heap after GC invocations=20 (full 0):
 garbage-first heap   total 50176K, used 30154K [0x0000000081c00000, 0x0000000100000000)
  region size 1024K, 2 young (2048K), 2 survivors (2048K)
 Metaspace       used 41381K, capacity 42759K, committed 43216K, reserved 1087488K
  class space    used 5311K, capacity 5842K, committed 6016K, reserved 1048576K
}
Event: 37832.122 GC heap before
{Heap before GC invocations=21 (full 0):
 garbage-first heap   total 53248K, used 37322K [0x0000000081c00000, 0x0000000100000000)
  region size 1024K, 10 young (10240K), 2 survivors (2048K)
 Metaspace       used 41294K, capacity 42626K, committed 43216K, reserved 1087488K
  class space    used 5288K, capacity 5797K, committed 6016K, reserved 1048576K
}
Event: 37832.126 GC heap after
{Heap after GC invocations=22 (full 0):
 garbage-first heap   total 53248K, used 31804K [0x0000000081c00000, 0x0000000100000000)
  region size 1024K, 2 young (2048K), 2 survivors (2048K)
 Metaspace       used 41294K, capacity 42626K, committed 43216K, reserved 1087488K
  class space    used 5288K, capacity 5797K, committed 6016K, reserved 1048576K
}
Event: 37832.167 GC heap before
{Heap before GC invocations=22 (full 0):
 garbage-first heap   total 53248K, used 32828K [0x0000000081c00000, 0x0000000100000000)
  region size 1024K, 3 young (3072K), 2 survivors (2048K)
 Metaspace       used 41294K, capacity 42626K, committed 43216K, reserved 1087488K
  class space    used 5288K, capacity 5797K, committed 6016K, reserved 1048576K
}
Event: 37832.174 GC heap after
{Heap after GC invocations=23 (full 0):
 garbage-first heap   total 53248K, used 30266K [0x0000000081c00000, 0x0000000100000000)
  region size 1024K, 1 young (1024K), 1 survivors (1024K)
 Metaspace       used 41294K, capacity 42626K, committed 43216K, reserved 1087488K
  class space    used 5288K, capacity 5797K, committed 6016K, reserved 1048576K
}
Event: 37843.025 GC heap before
{Heap before GC invocations=23 (full 0):
 garbage-first heap   total 53248K, used 37434K [0x0000000081c00000, 0x0000000100000000)
  region size 1024K, 9 young (9216K), 1 survivors (1024K)
 Metaspace       used 41294K, capacity 42626K, committed 43216K, reserved 1087488K
  class space    used 5288K, capacity 5797K, committed 6016K, reserved 1048576K
}
Event: 37843.028 GC heap after
{Heap after GC invocations=24 (full 0):
 garbage-first heap   total 53248K, used 32243K [0x0000000081c00000, 0x0000000100000000)
  region size 1024K, 2 young (2048K), 2 survivors (2048K)
 Metaspace       used 41294K, capacity 42626K, committed 43216K, reserved 1087488K
  class space    used 5288K, capacity 5797K, committed 6016K, reserved 1048576K
}

